2025-12-13 21:17:11.886 [main] DEBUG org.testng.TestNG - suiteXmlPath: "C:\Eclipse\HAF_OpencartV1\XMLFiles\master.xml"
2025-12-13 21:17:12.138 [main] INFO  org.testng.internal.Utils - [TestNG] Running:
  C:\Eclipse\HAF_OpencartV1\XMLFiles\master.xml

2025-12-13 21:17:14.630 [main] INFO  testCases.SearchTests - Started the Test TC_SG_001 Validate Search function
2025-12-13 21:17:14.745 [main] INFO  testCases.SearchTests - Navigating to Login page
2025-12-13 21:17:15.037 [main] INFO  testCases.SearchTests - Filling Login data
2025-12-13 21:17:15.268 [main] INFO  testCases.SearchTests - Clicked Login button
2025-12-13 21:17:17.107 [main] INFO  testCases.SearchTests - Clicked Search
2025-12-13 21:17:17.179 [main] INFO  testCases.SearchTests - Test TC_SR_001 Passed
2025-12-13 21:17:17.191 [main] INFO  testCases.SearchTests - TC_SR_006 Validate search result navigation
2025-12-13 21:17:17.782 [main] INFO  testCases.SearchTests - Test TC_SR_006 Passed
2025-12-13 21:17:17.794 [main] INFO  testCases.SearchTests - TC_SR_007 Validate Add to Cart from search results
2025-12-13 21:17:18.025 [main] INFO  testCases.SearchTests - Test TC_SR_008 Passed
2025-12-13 21:17:18.029 [main] INFO  testCases.SearchTests - TC_SR_007 Validate Add to Cart from search results
2025-12-13 21:17:18.323 [main] INFO  testCases.SearchTests - TC_SR_007 Validate Add to Cart from search results
2025-12-13 21:17:18.595 [main] INFO  testCases.SearchTests - Started the Test TC_SG_002 Validate search with partial product name
2025-12-13 21:17:19.079 [main] INFO  testCases.SearchTests - Clicked Search
2025-12-13 21:17:19.169 [main] INFO  testCases.SearchTests - Test TC_SR_002 Passed
2025-12-13 21:17:19.175 [main] INFO  testCases.SearchTests - Started the Test TC_SG_003 Validate search with case-insensitive input
2025-12-13 21:17:19.548 [main] INFO  testCases.SearchTests - Clicked Search
2025-12-13 21:17:19.598 [main] INFO  testCases.SearchTests - Test TC_SR_003 Passed
2025-12-13 21:17:19.602 [main] INFO  testCases.SearchTests - Started the Test TC_SR_004 Validate search with special characters
2025-12-13 21:17:20.057 [main] INFO  testCases.SearchTests - Clicked Search
2025-12-13 21:17:20.106 [main] INFO  testCases.SearchTests - Test TC_SR_004 Passed
2025-12-13 21:17:20.109 [main] INFO  testCases.SearchTests - Started the Test TC_SR_005 Validate search with empty input
2025-12-13 21:17:21.425 [main] INFO  testCases.SearchTests - Clicked Search
